<?xml version="1.0" encoding="UTF-8"?>
<!-- Generated by org.testng.reporters.JUnitXMLReporter -->
<testsuite ignored="0" hostname="LAPTOP-G76E8532" failures="0" tests="3" name="mytest" time="0.099" errors="0" timestamp="2024-12-10T22:41:18 IST">
  <testcase classname="day44.SignupTests" name="signupbyemail" time="0.018"/>
  <testcase classname="day44.SignupTests" name="signupbyfacebook" time="0.002"/>
  <testcase classname="day44.SignupTests" name="signupbytwitter" time="0.003"/>
</testsuite> <!-- mytest -->
