<?xml version="1.0" encoding="UTF-8"?>
<!-- Generated by org.testng.reporters.JUnitXMLReporter -->
<testsuite ignored="0" hostname="LAPTOP-G76E8532" failures="0" tests="3" name="Default test" time="0.034" errors="0" timestamp="2024-12-09T00:03:00 IST">
  <testcase classname="day42.FirstTestCase" name="openapp" time="0.01"/>
  <testcase classname="day42.FirstTestCase" name="login" time="0.001"/>
  <testcase classname="day42.FirstTestCase" name="logout" time="0.0"/>
</testsuite> <!-- Default test -->
