<?xml version="1.0" encoding="UTF-8"?>
<!-- Generated by org.testng.reporters.JUnitXMLReporter -->
<testsuite ignored="2" hostname="LAPTOP-G76E8532" failures="0" tests="6" name="groupingtests" time="0.075" errors="0" timestamp="2024-12-10T22:44:39 IST">
  <testcase classname="day44.LoginTests" name="loginByEmail" time="0.015"/>
  <testcase classname="day44.LoginTests" name="loginByFacebook" time="0.002"/>
  <testcase classname="day44.LoginTests" name="loginBytwitter" time="0.001"/>
  <testcase classname="day44.SignupTests" name="signupbyemail" time="0.002"/>
  <testcase classname="day44.SignupTests" name="signupbyfacebook" time="0.002"/>
  <testcase classname="day44.SignupTests" name="signupbytwitter" time="0.001"/>
  <testcase classname="day44.PaymentTests" name="paymentinDollars" time="0.0">
    <ignored/>
  </testcase> <!-- paymentinDollars -->
  <testcase classname="day44.PaymentTests" name="paymentinRupees" time="0.0">
    <ignored/>
  </testcase> <!-- paymentinRupees -->
</testsuite> <!-- groupingtests -->
